2025-12-04 01:53:15,958 - INFO - Starting data ingestion...
2025-12-04 01:53:15,959 - INFO - Reading data\admin_block_usage.csv
2025-12-04 01:53:16,062 - INFO - Reading data\engineering_block_usage.csv
2025-12-04 01:53:16,143 - INFO - Reading data\hostel_a_usage.csv
2025-12-04 01:53:16,222 - INFO - Reading data\library_usage.csv
2025-12-04 01:53:16,304 - INFO - Combining data...
2025-12-04 01:53:16,325 - INFO - Calculating aggregates...
2025-12-04 01:53:16,382 - INFO - Creating visual dashboard...
2025-12-04 01:53:17,901 - INFO - Saved dashboard image to output\dashboard.png
2025-12-04 01:53:18,005 - INFO - Saving outputs...
2025-12-04 01:53:18,042 - INFO - Saved cleaned data to output\cleaned_energy_data.csv and summary to output\building_summary.csv
2025-12-04 01:53:18,047 - INFO - Wrote summary to output\summary.txt
2025-12-04 01:53:18,048 - INFO - All done!
2025-12-04 02:26:00,807 - INFO - Starting data ingestion...
2025-12-04 02:26:00,809 - INFO - Reading data\admin_block_usage.csv
2025-12-04 02:26:00,882 - INFO - Reading data\engineering_block_usage.csv
2025-12-04 02:26:00,941 - INFO - Reading data\hostel_a_usage.csv
2025-12-04 02:26:01,001 - INFO - Reading data\library_usage.csv
2025-12-04 02:26:01,066 - INFO - Combining data...
2025-12-04 02:26:01,092 - INFO - Calculating aggregates...
2025-12-04 02:26:01,141 - INFO - Creating visual dashboard...
2025-12-04 02:26:02,585 - INFO - Saved dashboard image to output\dashboard.png
2025-12-04 02:26:02,667 - INFO - Saving outputs...
2025-12-04 02:26:02,706 - INFO - Saved cleaned data to output\cleaned_energy_data.csv and summary to output\building_summary.csv
2025-12-04 02:26:02,717 - INFO - Wrote summary to output\summary.txt
2025-12-04 02:26:02,718 - INFO - All done!
2025-12-04 02:34:32,234 - INFO - Starting data ingestion...
2025-12-04 02:34:32,236 - INFO - Reading data\admin_block_usage.csv
2025-12-04 02:34:32,308 - INFO - Reading data\engineering_block_usage.csv
2025-12-04 02:34:32,372 - INFO - Reading data\hostel_a_usage.csv
2025-12-04 02:34:32,437 - INFO - Reading data\library_usage.csv
2025-12-04 02:34:32,495 - INFO - Combining data...
2025-12-04 02:34:32,517 - INFO - Calculating aggregates...
2025-12-04 02:34:32,565 - INFO - Creating visual dashboard...
2025-12-04 02:34:34,078 - INFO - Saved dashboard image to output\dashboard.png
2025-12-04 02:34:34,184 - INFO - Saving outputs...
2025-12-04 02:34:34,220 - INFO - Saved cleaned data to output\cleaned_energy_data.csv and summary to output\building_summary.csv
2025-12-04 02:34:34,225 - INFO - Wrote summary to output\summary.txt
2025-12-04 02:34:34,226 - INFO - All done!
